AppCurrencyAndroid/app/build/intermediates/manifest_merge_blame_file/debug/manifest-merger-blame-debug-report.txt
1<?xml version="1.0" encoding="utf-8"?>
2<manifest xmlns:android="http://schemas.android.com/apk/res/android"
3    package="com.allerates.appforyou"
4    android:versionCode="1"
5    android:versionName="1.0" >
6
7    <uses-sdk
8        android:minSdkVersion="23"
8-->src\main\AndroidManifest.xml
9        android:targetSdkVersion="29" />
9-->src\main\AndroidManifest.xml
10
11    <uses-permission android:name="android.permission.ACCESS_NETWORK_STATE" />
11-->src\main\AndroidManifest.xml:6:5-79
11-->src\main\AndroidManifest.xml:6:22-76
12    <uses-permission android:name="android.permission.ACCESS_WIFI_STATE" />
12-->src\main\AndroidManifest.xml:7:5-76
12-->src\main\AndroidManifest.xml:7:22-73
13    <uses-permission android:name="android.permission.INTERNET" />
13-->src\main\AndroidManifest.xml:8:5-67
13-->src\main\AndroidManifest.xml:8:22-64
14    <uses-permission android:name="android.permission.ACCESS_COARSE_LOCATION" />
14-->src\main\AndroidManifest.xml:9:5-81
14-->src\main\AndroidManifest.xml:9:22-78
15    <uses-permission android:name="android.permission.ACCESS_FINE_LOCATION" />
15-->src\main\AndroidManifest.xml:10:5-79
15-->src\main\AndroidManifest.xml:10:22-76
16    <uses-permission android:name="android.permission.READ_EXTERNAL_STORAGE" />
16-->src\main\AndroidManifest.xml:11:5-80
16-->src\main\AndroidManifest.xml:11:22-77
17    <uses-permission android:name="com.example.permission.MAPS_RECEIVE" />
17-->src\main\AndroidManifest.xml:12:5-75
17-->src\main\AndroidManifest.xml:12:22-72
18    <uses-permission android:name="android.permission.WRITE_EXTERNAL_STORAGE" />
18-->src\main\AndroidManifest.xml:13:5-81
18-->src\main\AndroidManifest.xml:13:22-78
19    <!-- USE_CREDENTIALS is necessary for Google+ login -->
20    <uses-permission android:name="android.permission.USE_CREDENTIALS" />
20-->src\main\AndroidManifest.xml:15:5-74
20-->src\main\AndroidManifest.xml:15:22-71
21    <!-- GET_ACCOUNTS is necessary to display email address of logged in user. This permission is optional -->
22    <uses-permission android:name="android.permission.GET_ACCOUNTS" />
22-->src\main\AndroidManifest.xml:17:5-71
22-->src\main\AndroidManifest.xml:17:22-68
23    <!-- Maps API needs OpenGL ES 2.0. -->
24    <uses-feature
24-->src\main\AndroidManifest.xml:19:5-21:35
25        android:glEsVersion="0x00020000"
25-->src\main\AndroidManifest.xml:20:9-41
26        android:required="true" />
26-->src\main\AndroidManifest.xml:21:9-32
27
28    <uses-permission android:name="android.permission.WAKE_LOCK" /> <!-- Required by older versions of Google Play services to create GCM registration tokens -->
28-->[com.google.firebase:firebase-analytics:11.8.0] AndroidManifest.xml:25:5-68
28-->[com.google.firebase:firebase-analytics:11.8.0] AndroidManifest.xml:25:22-65
29    <uses-permission android:name="com.google.android.c2dm.permission.RECEIVE" />
29-->[com.google.android.gms:play-services-gcm:11.8.0] AndroidManifest.xml:23:5-82
29-->[com.google.android.gms:play-services-gcm:11.8.0] AndroidManifest.xml:23:22-79
30
31    <permission
31-->[com.google.firebase:firebase-iid:11.8.0] AndroidManifest.xml:28:5-30:47
32        android:name="com.allerates.appforyou.permission.C2D_MESSAGE"
32-->[com.google.firebase:firebase-iid:11.8.0] AndroidManifest.xml:29:9-63
33        android:protectionLevel="signature" />
33-->[com.google.firebase:firebase-iid:11.8.0] AndroidManifest.xml:30:9-44
34
35    <uses-permission android:name="com.allerates.appforyou.permission.C2D_MESSAGE" />
35-->[com.google.firebase:firebase-iid:11.8.0] AndroidManifest.xml:32:5-79
35-->[com.google.firebase:firebase-iid:11.8.0] AndroidManifest.xml:32:22-76
36
37    <application
37-->src\main\AndroidManifest.xml:23:5-108:19
38        android:allowBackup="true"
38-->src\main\AndroidManifest.xml:24:9-35
39        android:debuggable="true"
40        android:hardwareAccelerated="false"
40-->src\main\AndroidManifest.xml:25:9-44
41        android:icon="@mipmap/logo"
41-->src\main\AndroidManifest.xml:26:9-36
42        android:label="@string/app_name"
42-->src\main\AndroidManifest.xml:27:9-41
43        android:largeHeap="true"
43-->src\main\AndroidManifest.xml:28:9-33
44        android:supportsRtl="true"
44-->src\main\AndroidManifest.xml:29:9-35
45        android:testOnly="true"
46        android:theme="@style/AppTheme" >
46-->src\main\AndroidManifest.xml:30:9-40
47        <uses-library android:name="com.google.android.maps" />
47-->src\main\AndroidManifest.xml:32:9-64
47-->src\main\AndroidManifest.xml:32:23-61
48
49        <activity
49-->src\main\AndroidManifest.xml:33:9-42:20
50            android:name="com.allerates.appforyou.activities.StartActivity"
50-->src\main\AndroidManifest.xml:34:13-53
51            android:screenOrientation="portrait"
51-->src\main\AndroidManifest.xml:35:13-49
52            android:theme="@style/SplashTheme" >
52-->src\main\AndroidManifest.xml:36:13-47
53            <intent-filter>
53-->src\main\AndroidManifest.xml:37:13-41:29
54                <action android:name="android.intent.action.MAIN" />
54-->src\main\AndroidManifest.xml:38:17-69
54-->src\main\AndroidManifest.xml:38:25-66
55
56                <category android:name="android.intent.category.LAUNCHER" />
56-->src\main\AndroidManifest.xml:40:17-77
56-->src\main\AndroidManifest.xml:40:27-74
57            </intent-filter>
58        </activity>
59
60        <meta-data
60-->src\main\AndroidManifest.xml:44:9-46:71
61            android:name="com.google.android.geo.API_KEY"
61-->src\main\AndroidManifest.xml:45:13-58
62            android:value="AIzaSyAE3_uWnx8h6MXxesKdCM36--E21Qlt_wM" />
62-->src\main\AndroidManifest.xml:46:13-68
63        <meta-data
63-->src\main\AndroidManifest.xml:47:9-49:69
64            android:name="com.google.android.gms.version"
64-->src\main\AndroidManifest.xml:48:13-58
65            android:value="@integer/google_play_services_version" />
65-->src\main\AndroidManifest.xml:49:13-66
66
67        <activity
67-->src\main\AndroidManifest.xml:51:9-53:52
68            android:name="com.allerates.appforyou.activities.SignUpActivity"
68-->src\main\AndroidManifest.xml:52:13-54
69            android:screenOrientation="portrait" />
69-->src\main\AndroidManifest.xml:53:13-49
70        <activity
70-->src\main\AndroidManifest.xml:54:9-57:60
71            android:name="com.allerates.appforyou.activities.LoginActivity"
71-->src\main\AndroidManifest.xml:55:13-53
72            android:screenOrientation="portrait"
72-->src\main\AndroidManifest.xml:56:13-49
73            android:theme="@style/Theme.AppCompat.Light" />
73-->src\main\AndroidManifest.xml:57:13-57
74        <activity
74-->src\main\AndroidManifest.xml:58:9-61:58
75            android:name="com.allerates.appforyou.activities.MainActivity"
75-->src\main\AndroidManifest.xml:59:13-52
76            android:screenOrientation="portrait"
76-->src\main\AndroidManifest.xml:60:13-49
77            android:theme="@style/AppTheme.FullScreen" />
77-->src\main\AndroidManifest.xml:61:13-55
78
79        <meta-data
79-->src\main\AndroidManifest.xml:62:9-64:55
80            android:name="com.facebook.sdk.ApplicationId"
80-->src\main\AndroidManifest.xml:63:13-58
81            android:value="@string/facebook_app_id" />
81-->src\main\AndroidManifest.xml:64:13-52
82
83        <activity
83-->src\main\AndroidManifest.xml:65:9-69:72
84            android:name="com.allerates.appforyou.activities.SettingActivity"
84-->src\main\AndroidManifest.xml:66:13-55
85            android:label="@string/setting"
85-->src\main\AndroidManifest.xml:67:13-44
86            android:screenOrientation="portrait"
86-->src\main\AndroidManifest.xml:68:13-49
87            android:theme="@style/Theme.AppCompat.Light.NoActionBar" />
87-->src\main\AndroidManifest.xml:69:13-69
88        <activity
88-->src\main\AndroidManifest.xml:70:9-73:59
89            android:name="com.allerates.appforyou.json.MainTest"
89-->src\main\AndroidManifest.xml:71:13-42
90            android:screenOrientation="portrait"
90-->src\main\AndroidManifest.xml:72:13-49
91            android:theme="@style/AppTheme.NoActionBar" />
91-->src\main\AndroidManifest.xml:73:13-56
92        <activity
92-->src\main\AndroidManifest.xml:74:9-78:59
93            android:name="com.allerates.appforyou.activities.ClusteringDemoActivity"
93-->src\main\AndroidManifest.xml:75:13-62
94            android:label="@string/title_activity_setting"
94-->src\main\AndroidManifest.xml:76:13-59
95            android:screenOrientation="portrait"
95-->src\main\AndroidManifest.xml:77:13-49
96            android:theme="@style/AppTheme.NoActionBar" />
96-->src\main\AndroidManifest.xml:78:13-56
97        <activity
97-->src\main\AndroidManifest.xml:79:9-83:58
98            android:name="com.allerates.appforyou.activities.FragmentsActivity"
98-->src\main\AndroidManifest.xml:80:13-57
99            android:label="@string/title_activity_setting"
99-->src\main\AndroidManifest.xml:81:13-59
100            android:screenOrientation="portrait"
100-->src\main\AndroidManifest.xml:82:13-49
101            android:theme="@style/AppTheme.NoActionBar" />
101-->src\main\AndroidManifest.xml:83:13-56
102        <activity
102-->src\main\AndroidManifest.xml:84:9-88:56
103            android:name="com.allerates.appforyou.activities.DialogActivity"
103-->src\main\AndroidManifest.xml:85:13-54
104            android:noHistory="true"
104-->src\main\AndroidManifest.xml:86:13-37
105            android:screenOrientation="portrait"
105-->src\main\AndroidManifest.xml:87:13-49
106            android:theme="@style/AlertDialogCustom" />
106-->src\main\AndroidManifest.xml:88:13-53
107        <activity android:name="com.allerates.appforyou.activities.CustomMarkerClusteringDemoActivity" />
107-->src\main\AndroidManifest.xml:89:9-83
107-->src\main\AndroidManifest.xml:89:19-80
108        <activity
108-->src\main\AndroidManifest.xml:90:9-93:59
109            android:name="com.allerates.appforyou.activities.DetailedActivity"
109-->src\main\AndroidManifest.xml:91:13-56
110            android:screenOrientation="portrait"
110-->src\main\AndroidManifest.xml:92:13-49
111            android:theme="@style/AppTheme.NoActionBar" />
111-->src\main\AndroidManifest.xml:93:13-56
112        <activity
112-->src\main\AndroidManifest.xml:94:9-98:59
113            android:name="com.allerates.appforyou.activities.AddCommendActivity"
113-->src\main\AndroidManifest.xml:95:13-58
114            android:label="@string/title_activity_main3"
114-->src\main\AndroidManifest.xml:96:13-57
115            android:screenOrientation="portrait"
115-->src\main\AndroidManifest.xml:97:13-49
116            android:theme="@style/AppTheme.NoActionBar" />
116-->src\main\AndroidManifest.xml:98:13-56
117        <activity
117-->src\main\AndroidManifest.xml:99:9-102:58
118            android:name="com.allerates.appforyou.activities.ActivityContactUs"
118-->src\main\AndroidManifest.xml:100:13-57
119            android:screenOrientation="portrait"
119-->src\main\AndroidManifest.xml:101:13-49
120            android:theme="@style/AppTheme.FullScreen" />
120-->src\main\AndroidManifest.xml:102:13-55
121        <activity android:name="com.allerates.appforyou.activities.ShowListCommendActivity" />
121-->src\main\AndroidManifest.xml:103:9-104:66
121-->src\main\AndroidManifest.xml:104:13-63
122        <activity android:name="com.allerates.appforyou.activities.ConfirmMailActivity" />
122-->src\main\AndroidManifest.xml:105:9-68
122-->src\main\AndroidManifest.xml:105:19-65
123        <activity android:name="com.allerates.appforyou.activities.PasswordRecoveryActivity" />
123-->src\main\AndroidManifest.xml:106:9-73
123-->src\main\AndroidManifest.xml:106:19-70
124        <activity android:name="com.allerates.appforyou.activities.UpdatePasswordActivity" />
124-->src\main\AndroidManifest.xml:107:9-71
124-->src\main\AndroidManifest.xml:107:19-68
125
126        <receiver android:name="com.google.android.gms.cast.framework.media.MediaIntentReceiver" />
126-->[com.google.android.gms:play-services-cast-framework:11.8.0] AndroidManifest.xml:8:9-100
126-->[com.google.android.gms:play-services-cast-framework:11.8.0] AndroidManifest.xml:8:19-97
127
128        <service android:name="com.google.android.gms.cast.framework.media.MediaNotificationService" />
128-->[com.google.android.gms:play-services-cast-framework:11.8.0] AndroidManifest.xml:10:9-104
128-->[com.google.android.gms:play-services-cast-framework:11.8.0] AndroidManifest.xml:10:18-101
129        <service android:name="com.google.android.gms.cast.framework.ReconnectionService" />
129-->[com.google.android.gms:play-services-cast-framework:11.8.0] AndroidManifest.xml:11:9-93
129-->[com.google.android.gms:play-services-cast-framework:11.8.0] AndroidManifest.xml:11:18-90
130        <service
130-->[com.google.android.gms:play-services-tagmanager-api:11.8.0] AndroidManifest.xml:27:9-30:40
131            android:name="com.google.android.gms.tagmanager.TagManagerService"
131-->[com.google.android.gms:play-services-tagmanager-api:11.8.0] AndroidManifest.xml:28:13-79
132            android:enabled="true"
132-->[com.google.android.gms:play-services-tagmanager-api:11.8.0] AndroidManifest.xml:29:13-35
133            android:exported="false" />
133-->[com.google.android.gms:play-services-tagmanager-api:11.8.0] AndroidManifest.xml:30:13-37
134
135        <activity
135-->[com.google.android.gms:play-services-tagmanager-api:11.8.0] AndroidManifest.xml:32:9-44:20
136            android:name="com.google.android.gms.tagmanager.TagManagerPreviewActivity"
136-->[com.google.android.gms:play-services-tagmanager-api:11.8.0] AndroidManifest.xml:33:13-87
137            android:exported="true"
137-->[com.google.android.gms:play-services-tagmanager-api:11.8.0] AndroidManifest.xml:34:13-36
138            android:noHistory="true" > <!-- optional, removes the previewActivity from the activity stack. -->
138-->[com.google.android.gms:play-services-tagmanager-api:11.8.0] AndroidManifest.xml:35:13-37
139            <intent-filter>
139-->[com.google.android.gms:play-services-tagmanager-api:11.8.0] AndroidManifest.xml:36:13-43:29
140                <data android:scheme="tagmanager.c.com.allerates.appforyou" />
140-->[com.google.android.gms:play-services-tagmanager-api:11.8.0] AndroidManifest.xml:37:17-72
140-->[com.google.android.gms:play-services-tagmanager-api:11.8.0] AndroidManifest.xml:37:23-69
141
142                <action android:name="android.intent.action.VIEW" />
142-->[com.google.android.gms:play-services-tagmanager-api:11.8.0] AndroidManifest.xml:39:17-69
142-->[com.google.android.gms:play-services-tagmanager-api:11.8.0] AndroidManifest.xml:39:25-66
143
144                <category android:name="android.intent.category.DEFAULT" />
144-->[com.google.android.gms:play-services-tagmanager-api:11.8.0] AndroidManifest.xml:41:17-76
144-->[com.google.android.gms:play-services-tagmanager-api:11.8.0] AndroidManifest.xml:41:27-73
145                <category android:name="android.intent.category.BROWSABLE" />
145-->[com.google.android.gms:play-services-tagmanager-api:11.8.0] AndroidManifest.xml:42:17-78
145-->[com.google.android.gms:play-services-tagmanager-api:11.8.0] AndroidManifest.xml:42:27-75
146            </intent-filter>
147        </activity>
148
149        <receiver
149-->[com.google.firebase:firebase-analytics:11.8.0] AndroidManifest.xml:28:9-32:20
150            android:name="com.google.android.gms.measurement.AppMeasurementReceiver"
150-->[com.google.firebase:firebase-analytics:11.8.0] AndroidManifest.xml:29:13-85
151            android:enabled="true"
151-->[com.google.firebase:firebase-analytics:11.8.0] AndroidManifest.xml:30:13-35
152            android:exported="false" >
152-->[com.google.firebase:firebase-analytics:11.8.0] AndroidManifest.xml:31:13-37
153        </receiver>
154        <receiver
154-->[com.google.firebase:firebase-analytics:11.8.0] AndroidManifest.xml:33:9-41:20
155            android:name="com.google.android.gms.measurement.AppMeasurementInstallReferrerReceiver"
155-->[com.google.firebase:firebase-analytics:11.8.0] AndroidManifest.xml:34:13-100
156            android:enabled="true"
156-->[com.google.firebase:firebase-analytics:11.8.0] AndroidManifest.xml:35:13-35
157            android:exported="true"
157-->[com.google.firebase:firebase-analytics:11.8.0] AndroidManifest.xml:36:13-36
158            android:permission="android.permission.INSTALL_PACKAGES" >
158-->[com.google.firebase:firebase-analytics:11.8.0] AndroidManifest.xml:37:13-69
159            <intent-filter>
159-->[com.google.firebase:firebase-analytics:11.8.0] AndroidManifest.xml:38:13-40:29
160                <action android:name="com.android.vending.INSTALL_REFERRER" />
160-->[com.google.firebase:firebase-analytics:11.8.0] AndroidManifest.xml:39:17-79
160-->[com.google.firebase:firebase-analytics:11.8.0] AndroidManifest.xml:39:25-76
161            </intent-filter>
162        </receiver>
163
164        <service
164-->[com.google.firebase:firebase-analytics:11.8.0] AndroidManifest.xml:43:9-46:40
165            android:name="com.google.android.gms.measurement.AppMeasurementService"
165-->[com.google.firebase:firebase-analytics:11.8.0] AndroidManifest.xml:44:13-84
166            android:enabled="true"
166-->[com.google.firebase:firebase-analytics:11.8.0] AndroidManifest.xml:45:13-35
167            android:exported="false" />
167-->[com.google.firebase:firebase-analytics:11.8.0] AndroidManifest.xml:46:13-37
168        <service
168-->[com.google.firebase:firebase-analytics:11.8.0] AndroidManifest.xml:47:9-51:72
169            android:name="com.google.android.gms.measurement.AppMeasurementJobService"
169-->[com.google.firebase:firebase-analytics:11.8.0] AndroidManifest.xml:48:13-87
170            android:enabled="true"
170-->[com.google.firebase:firebase-analytics:11.8.0] AndroidManifest.xml:49:13-35
171            android:exported="false"
171-->[com.google.firebase:firebase-analytics:11.8.0] AndroidManifest.xml:50:13-37
172            android:permission="android.permission.BIND_JOB_SERVICE" />
172-->[com.google.firebase:firebase-analytics:11.8.0] AndroidManifest.xml:51:13-69
173
174        <receiver
174-->[com.google.android.gms:play-services-analytics:11.8.0] AndroidManifest.xml:30:9-34:20
175            android:name="com.google.android.gms.analytics.AnalyticsReceiver"
175-->[com.google.android.gms:play-services-analytics:11.8.0] AndroidManifest.xml:31:13-78
176            android:enabled="true"
176-->[com.google.android.gms:play-services-analytics:11.8.0] AndroidManifest.xml:32:13-35
177            android:exported="false" >
177-->[com.google.android.gms:play-services-analytics:11.8.0] AndroidManifest.xml:33:13-37
178        </receiver>
179
180        <service
180-->[com.google.android.gms:play-services-analytics:11.8.0] AndroidManifest.xml:36:9-39:40
181            android:name="com.google.android.gms.analytics.AnalyticsService"
181-->[com.google.android.gms:play-services-analytics:11.8.0] AndroidManifest.xml:37:13-77
182            android:enabled="true"
182-->[com.google.android.gms:play-services-analytics:11.8.0] AndroidManifest.xml:38:13-35
183            android:exported="false" />
183-->[com.google.android.gms:play-services-analytics:11.8.0] AndroidManifest.xml:39:13-37
184        <service
184-->[com.google.android.gms:play-services-analytics:11.8.0] AndroidManifest.xml:40:9-44:72
185            android:name="com.google.android.gms.analytics.AnalyticsJobService"
185-->[com.google.android.gms:play-services-analytics:11.8.0] AndroidManifest.xml:41:13-80
186            android:enabled="true"
186-->[com.google.android.gms:play-services-analytics:11.8.0] AndroidManifest.xml:42:13-35
187            android:exported="false"
187-->[com.google.android.gms:play-services-analytics:11.8.0] AndroidManifest.xml:43:13-37
188            android:permission="android.permission.BIND_JOB_SERVICE" />
188-->[com.google.android.gms:play-services-analytics:11.8.0] AndroidManifest.xml:44:13-69
189
190        <activity
190-->[com.google.android.gms:play-services-appinvite:11.8.0] AndroidManifest.xml:25:9-34:20
191            android:name="com.google.android.gms.appinvite.PreviewActivity"
191-->[com.google.android.gms:play-services-appinvite:11.8.0] AndroidManifest.xml:26:13-76
192            android:exported="true"
192-->[com.google.android.gms:play-services-appinvite:11.8.0] AndroidManifest.xml:27:13-36
193            android:theme="@style/Theme.AppInvite.Preview" >
193-->[com.google.android.gms:play-services-appinvite:11.8.0] AndroidManifest.xml:28:13-59
194            <intent-filter>
194-->[com.google.android.gms:play-services-appinvite:11.8.0] AndroidManifest.xml:29:13-33:29
195                <action android:name="com.google.android.gms.appinvite.ACTION_PREVIEW" />
195-->[com.google.android.gms:play-services-appinvite:11.8.0] AndroidManifest.xml:30:17-90
195-->[com.google.android.gms:play-services-appinvite:11.8.0] AndroidManifest.xml:30:25-87
196
197                <category android:name="android.intent.category.DEFAULT" />
197-->[com.google.android.gms:play-services-tagmanager-api:11.8.0] AndroidManifest.xml:41:17-76
197-->[com.google.android.gms:play-services-tagmanager-api:11.8.0] AndroidManifest.xml:41:27-73
198            </intent-filter>
199        </activity>
200        <activity
200-->[com.google.android.gms:play-services-auth:11.8.0] AndroidManifest.xml:23:9-27:75
201            android:name="com.google.android.gms.auth.api.signin.internal.SignInHubActivity"
201-->[com.google.android.gms:play-services-auth:11.8.0] AndroidManifest.xml:24:13-93
202            android:excludeFromRecents="true"
202-->[com.google.android.gms:play-services-auth:11.8.0] AndroidManifest.xml:25:13-46
203            android:exported="false"
203-->[com.google.android.gms:play-services-auth:11.8.0] AndroidManifest.xml:26:13-37
204            android:theme="@android:style/Theme.Translucent.NoTitleBar" />
204-->[com.google.android.gms:play-services-auth:11.8.0] AndroidManifest.xml:27:13-72
205        <!--
206            Service handling Google Sign-In user revocation. For apps that do not integrate with
207            Google Sign-In, this service will never be started.
208        -->
209        <service
209-->[com.google.android.gms:play-services-auth:11.8.0] AndroidManifest.xml:33:9-36:110
210            android:name="com.google.android.gms.auth.api.signin.RevocationBoundService"
210-->[com.google.android.gms:play-services-auth:11.8.0] AndroidManifest.xml:34:13-89
211            android:exported="true"
211-->[com.google.android.gms:play-services-auth:11.8.0] AndroidManifest.xml:35:13-36
212            android:permission="com.google.android.gms.auth.api.signin.permission.REVOCATION_NOTIFICATION" />
212-->[com.google.android.gms:play-services-auth:11.8.0] AndroidManifest.xml:36:13-107
213
214        <activity
214-->[com.google.firebase:firebase-auth:11.8.0] AndroidManifest.xml:23:9-29:75
215            android:name="com.google.firebase.auth.internal.FederatedSignInActivity"
215-->[com.google.firebase:firebase-auth:11.8.0] AndroidManifest.xml:24:13-85
216            android:excludeFromRecents="true"
216-->[com.google.firebase:firebase-auth:11.8.0] AndroidManifest.xml:25:13-46
217            android:exported="true"
217-->[com.google.firebase:firebase-auth:11.8.0] AndroidManifest.xml:26:13-36
218            android:launchMode="singleInstance"
218-->[com.google.firebase:firebase-auth:11.8.0] AndroidManifest.xml:27:13-48
219            android:permission="com.google.firebase.auth.api.gms.permission.LAUNCH_FEDERATED_SIGN_IN"
219-->[com.google.firebase:firebase-auth:11.8.0] AndroidManifest.xml:28:13-102
220            android:theme="@android:style/Theme.Translucent.NoTitleBar" />
220-->[com.google.firebase:firebase-auth:11.8.0] AndroidManifest.xml:29:13-72
221        <activity
221-->[com.google.android.gms:play-services-base:11.8.0] AndroidManifest.xml:23:9-26:75
222            android:name="com.google.android.gms.common.api.GoogleApiActivity"
222-->[com.google.android.gms:play-services-base:11.8.0] AndroidManifest.xml:24:13-79
223            android:exported="false"
223-->[com.google.android.gms:play-services-base:11.8.0] AndroidManifest.xml:25:13-37
224            android:theme="@android:style/Theme.Translucent.NoTitleBar" />
224-->[com.google.android.gms:play-services-base:11.8.0] AndroidManifest.xml:26:13-72
225        <!--
226             FirebaseMessagingService performs security checks at runtime,
227             no need for explicit permissions despite exported="true"
228        -->
229        <service
229-->[com.google.firebase:firebase-messaging:11.8.0] AndroidManifest.xml:28:9-34:19
230            android:name="com.google.firebase.messaging.FirebaseMessagingService"
230-->[com.google.firebase:firebase-messaging:11.8.0] AndroidManifest.xml:29:13-82
231            android:exported="true" >
231-->[com.google.firebase:firebase-messaging:11.8.0] AndroidManifest.xml:30:13-36
232            <intent-filter android:priority="-500" >
232-->[com.google.firebase:firebase-messaging:11.8.0] AndroidManifest.xml:31:13-33:29
232-->[com.google.firebase:firebase-messaging:11.8.0] AndroidManifest.xml:31:28-51
233                <action android:name="com.google.firebase.MESSAGING_EVENT" />
233-->[com.google.firebase:firebase-messaging:11.8.0] AndroidManifest.xml:32:17-78
233-->[com.google.firebase:firebase-messaging:11.8.0] AndroidManifest.xml:32:25-75
234            </intent-filter>
235        </service>
236
237        <receiver
237-->[com.google.firebase:firebase-iid:11.8.0] AndroidManifest.xml:35:9-44:20
238            android:name="com.google.firebase.iid.FirebaseInstanceIdReceiver"
238-->[com.google.firebase:firebase-iid:11.8.0] AndroidManifest.xml:36:13-78
239            android:exported="true"
239-->[com.google.firebase:firebase-iid:11.8.0] AndroidManifest.xml:37:13-36
240            android:permission="com.google.android.c2dm.permission.SEND" >
240-->[com.google.firebase:firebase-iid:11.8.0] AndroidManifest.xml:38:13-73
241            <intent-filter>
241-->[com.google.firebase:firebase-iid:11.8.0] AndroidManifest.xml:39:13-43:29
242                <action android:name="com.google.android.c2dm.intent.RECEIVE" />
242-->[com.google.firebase:firebase-iid:11.8.0] AndroidManifest.xml:40:17-81
242-->[com.google.firebase:firebase-iid:11.8.0] AndroidManifest.xml:40:25-78
243
244                <category android:name="com.allerates.appforyou" />
244-->[com.google.firebase:firebase-iid:11.8.0] AndroidManifest.xml:42:17-61
244-->[com.google.firebase:firebase-iid:11.8.0] AndroidManifest.xml:42:27-58
245            </intent-filter>
246        </receiver>
247        <!--
248             FirebaseInstanceIdService performs security checks at runtime,
249             no need for explicit permissions despite exported="true"
250        -->
251        <service
251-->[com.google.firebase:firebase-iid:11.8.0] AndroidManifest.xml:50:9-56:19
252            android:name="com.google.firebase.iid.FirebaseInstanceIdService"
252-->[com.google.firebase:firebase-iid:11.8.0] AndroidManifest.xml:51:13-77
253            android:exported="true" >
253-->[com.google.firebase:firebase-iid:11.8.0] AndroidManifest.xml:52:13-36
254            <intent-filter android:priority="-500" >
254-->[com.google.firebase:firebase-iid:11.8.0] AndroidManifest.xml:53:13-55:29
254-->[com.google.firebase:firebase-iid:11.8.0] AndroidManifest.xml:53:28-51
255                <action android:name="com.google.firebase.INSTANCE_ID_EVENT" />
255-->[com.google.firebase:firebase-iid:11.8.0] AndroidManifest.xml:54:17-80
255-->[com.google.firebase:firebase-iid:11.8.0] AndroidManifest.xml:54:25-77
256            </intent-filter>
257        </service>
258
259        <provider
259-->[com.google.firebase:firebase-common:11.8.0] AndroidManifest.xml:8:9-12:39
260            android:name="com.google.firebase.provider.FirebaseInitProvider"
260-->[com.google.firebase:firebase-common:11.8.0] AndroidManifest.xml:9:13-77
261            android:authorities="com.allerates.appforyou.firebaseinitprovider"
261-->[com.google.firebase:firebase-common:11.8.0] AndroidManifest.xml:10:13-72
262            android:exported="false"
262-->[com.google.firebase:firebase-common:11.8.0] AndroidManifest.xml:11:13-37
263            android:initOrder="100" /> <!-- Include the AdActivity and InAppPurchaseActivity configChanges and themes. -->
263-->[com.google.firebase:firebase-common:11.8.0] AndroidManifest.xml:12:13-36
264        <activity
264-->[com.google.android.gms:play-services-ads-lite:11.8.0] AndroidManifest.xml:29:9-33:64
265            android:name="com.google.android.gms.ads.AdActivity"
265-->[com.google.android.gms:play-services-ads-lite:11.8.0] AndroidManifest.xml:30:13-65
266            android:configChanges="keyboard|keyboardHidden|orientation|screenLayout|uiMode|screenSize|smallestScreenSize"
266-->[com.google.android.gms:play-services-ads-lite:11.8.0] AndroidManifest.xml:31:13-122
267            android:exported="false"
267-->[com.google.android.gms:play-services-ads-lite:11.8.0] AndroidManifest.xml:32:13-37
268            android:theme="@android:style/Theme.Translucent" />
268-->[com.google.android.gms:play-services-ads-lite:11.8.0] AndroidManifest.xml:33:13-61
269    </application>
270
271</manifest>